\BOOKMARK [0][-]{dummy.3}{\376\377\000D\000e\000c\000l\000a\000r\000a\000t\000i\000o\000n\000\040\000o\000f\000\040\000A\000u\000t\000h\000o\000r\000s\000h\000i\000p}{}% 1
\BOOKMARK [0][-]{dummy.4}{\376\377\000A\000c\000k\000n\000o\000w\000l\000e\000d\000g\000e\000m\000e\000n\000t\000s}{}% 2
\BOOKMARK [0][-]{chapter.5}{\376\377\0001\000\040\000I\000n\000t\000r\000o\000d\000u\000c\000t\000i\000o\000n}{}% 3
\BOOKMARK [1][-]{section.6}{\376\377\0001\000.\0001\000\040\000P\000r\000o\000j\000e\000c\000t\000\040\000M\000a\000n\000a\000g\000e\000m\000e\000n\000t}{chapter.5}% 4
\BOOKMARK [1][-]{section.11}{\376\377\0001\000.\0002\000\040\000C\000o\000n\000t\000r\000i\000b\000u\000t\000i\000o\000n}{chapter.5}% 5
\BOOKMARK [0][-]{chapter.12}{\376\377\0002\000\040\000B\000a\000c\000k\000g\000r\000o\000u\000n\000d\000\040\000R\000e\000s\000e\000a\000r\000c\000h}{}% 6
\BOOKMARK [1][-]{section.13}{\376\377\0002\000.\0001\000\040\000G\000a\000m\000e\000\040\000T\000h\000e\000o\000r\000y}{chapter.12}% 7
\BOOKMARK [2][-]{subsection.14}{\376\377\0002\000.\0001\000.\0001\000\040\000C\000l\000a\000s\000s\000i\000c\000\040\000G\000a\000m\000e\000\040\000T\000h\000e\000o\000r\000y}{section.13}% 8
\BOOKMARK [2][-]{subsection.16}{\376\377\0002\000.\0001\000.\0002\000\040\000P\000r\000i\000s\000o\000n\000e\000r\000'\000s\000\040\000D\000i\000l\000e\000m\000m\000a}{section.13}% 9
\BOOKMARK [2][-]{subsection.18}{\376\377\0002\000.\0001\000.\0003\000\040\000E\000v\000o\000l\000u\000t\000i\000o\000n\000a\000r\000y\000\040\000G\000a\000m\000e\000\040\000T\000h\000e\000o\000r\000y}{section.13}% 10
\BOOKMARK [1][-]{section.21}{\376\377\0002\000.\0002\000\040\000S\000p\000a\000t\000i\000a\000l\000\040\000G\000a\000m\000e\000s}{chapter.12}% 11
\BOOKMARK [2][-]{subsection.22}{\376\377\0002\000.\0002\000.\0001\000\040\000C\000o\000o\000p\000e\000r\000a\000t\000i\000o\000n\000\040\000i\000n\000\040\000S\000p\000a\000t\000i\000a\000l\000\040\000G\000a\000m\000e\000s}{section.21}% 12
\BOOKMARK [3][-]{subsubsection.24}{\376\377\0002\000.\0002\000.\0001\000.\0001\000\040\000K\000i\000n\000\040\000S\000e\000l\000e\000c\000t\000i\000o\000n}{subsection.22}% 13
\BOOKMARK [3][-]{subsubsection.25}{\376\377\0002\000.\0002\000.\0001\000.\0002\000\040\000D\000i\000r\000e\000c\000t\000\040\000R\000e\000c\000i\000p\000r\000o\000c\000i\000t\000y}{subsection.22}% 14
\BOOKMARK [3][-]{subsubsection.27}{\376\377\0002\000.\0002\000.\0001\000.\0003\000\040\000I\000n\000d\000i\000r\000e\000c\000t\000\040\000R\000e\000c\000i\000p\000r\000o\000c\000i\000t\000y}{subsection.22}% 15
\BOOKMARK [3][-]{subsubsection.31}{\376\377\0002\000.\0002\000.\0001\000.\0004\000\040\000N\000e\000t\000w\000o\000r\000k\000\040\000R\000e\000c\000i\000p\000r\000o\000c\000i\000t\000y}{subsection.22}% 16
\BOOKMARK [3][-]{subsubsection.33}{\376\377\0002\000.\0002\000.\0001\000.\0005\000\040\000G\000r\000o\000u\000p\000\040\000S\000e\000l\000e\000c\000t\000i\000o\000n}{subsection.22}% 17
\BOOKMARK [2][-]{subsection.35}{\376\377\0002\000.\0002\000.\0002\000\040\000S\000p\000a\000t\000i\000a\000l\000\040\000P\000r\000i\000s\000o\000n\000e\000r\000'\000s\000\040\000D\000i\000l\000e\000m\000m\000a\000\040\000G\000a\000m\000e}{section.21}% 18
\BOOKMARK [1][-]{section.38}{\376\377\0002\000.\0003\000\040\000M\000i\000g\000r\000a\000t\000i\000o\000n\000\040\000G\000a\000m\000e\000s}{chapter.12}% 19
\BOOKMARK [2][-]{subsection.39}{\376\377\0002\000.\0003\000.\0001\000\040\000N\000e\000i\000g\000h\000b\000o\000u\000r\000h\000o\000o\000d\000\040\000s\000t\000r\000u\000c\000t\000u\000r\000e}{section.38}% 20
\BOOKMARK [3][-]{subsubsection.40}{\376\377\0002\000.\0003\000.\0001\000.\0001\000\040\000S\000t\000a\000t\000i\000c\000\040\000N\000e\000i\000g\000h\000b\000o\000u\000r\000h\000o\000o\000d\000s}{subsection.39}% 21
\BOOKMARK [3][-]{subsubsection.41}{\376\377\0002\000.\0003\000.\0001\000.\0002\000\040\000D\000y\000n\000a\000m\000i\000c\000\040\000N\000e\000i\000g\000h\000b\000o\000u\000r\000h\000o\000o\000d\000s}{subsection.39}% 22
\BOOKMARK [2][-]{subsection.42}{\376\377\0002\000.\0003\000.\0002\000\040\000E\000x\000p\000e\000r\000i\000m\000e\000n\000t\000s\000\040\000o\000n\000\040\000M\000i\000g\000r\000a\000t\000i\000o\000n\000\040\000G\000a\000m\000e\000s}{section.38}% 23
\BOOKMARK [0][-]{chapter.43}{\376\377\0003\000\040\000D\000e\000s\000i\000g\000n}{}% 24
\BOOKMARK [1][-]{section.44}{\376\377\0003\000.\0001\000\040\000O\000v\000e\000r\000a\000l\000l\000\040\000D\000e\000s\000i\000g\000n}{chapter.43}% 25
\BOOKMARK [1][-]{section.46}{\376\377\0003\000.\0002\000\040\000U\000s\000e\000r\000\040\000I\000n\000t\000e\000r\000f\000a\000c\000e}{chapter.43}% 26
\BOOKMARK [2][-]{subsection.47}{\376\377\0003\000.\0002\000.\0001\000\040\000A\000d\000m\000i\000n\000i\000s\000t\000r\000a\000t\000o\000r}{section.46}% 27
\BOOKMARK [2][-]{subsection.49}{\376\377\0003\000.\0002\000.\0002\000\040\000N\000o\000r\000m\000a\000l\000\040\000U\000s\000e\000r}{section.46}% 28
\BOOKMARK [1][-]{section.51}{\376\377\0003\000.\0003\000\040\000B\000u\000s\000i\000n\000e\000s\000s\000\040\000L\000o\000g\000i\000c\000\040\000L\000a\000y\000e\000r}{chapter.43}% 29
\BOOKMARK [1][-]{section.63}{\376\377\0003\000.\0004\000\040\000D\000a\000t\000a\000\040\000A\000c\000c\000e\000s\000s\000\040\000L\000a\000y\000e\000r}{chapter.43}% 30
\BOOKMARK [0][-]{chapter.65}{\376\377\0004\000\040\000I\000m\000p\000l\000e\000m\000e\000n\000t\000a\000t\000i\000o\000n}{}% 31
\BOOKMARK [1][-]{section.66}{\376\377\0004\000.\0001\000\040\000I\000n\000s\000t\000r\000u\000c\000t\000i\000o\000n\000\040\000P\000a\000g\000e}{chapter.65}% 32
\BOOKMARK [1][-]{section.87}{\376\377\0004\000.\0002\000\040\000L\000o\000g\000\040\000O\000n\000\040\000P\000a\000g\000e}{chapter.65}% 33
\BOOKMARK [1][-]{section.88}{\376\377\0004\000.\0003\000\040\000A\000d\000m\000i\000n\000i\000s\000t\000r\000a\000t\000o\000r\000\040\000P\000a\000g\000e}{chapter.65}% 34
\BOOKMARK [2][-]{subsection.89}{\376\377\0004\000.\0003\000.\0001\000\040\000U\000s\000e\000r\000\040\000L\000i\000s\000t}{section.88}% 35
\BOOKMARK [2][-]{subsection.111}{\376\377\0004\000.\0003\000.\0002\000\040\000U\000s\000e\000r\000\040\000M\000a\000n\000a\000g\000e\000m\000e\000n\000t}{section.88}% 36
\BOOKMARK [1][-]{section.137}{\376\377\0004\000.\0004\000\040\000G\000a\000m\000e\000\040\000P\000a\000g\000e}{chapter.65}% 37
\BOOKMARK [1][-]{section.192}{\376\377\0004\000.\0005\000\040\000D\000a\000t\000a\000b\000a\000s\000e\000\040\000O\000p\000e\000r\000a\000t\000i\000o\000n}{chapter.65}% 38
\BOOKMARK [0][-]{chapter.194}{\376\377\0005\000\040\000T\000e\000s\000t\000i\000n\000g}{}% 39
\BOOKMARK [1][-]{section.195}{\376\377\0005\000.\0001\000\040\000O\000v\000e\000r\000a\000l\000l\000\040\000T\000e\000s\000t\000i\000n\000g}{chapter.194}% 40
\BOOKMARK [2][-]{subsection.196}{\376\377\0005\000.\0001\000.\0001\000\040\000C\000o\000m\000p\000a\000t\000i\000b\000i\000l\000i\000t\000y}{section.195}% 41
\BOOKMARK [2][-]{subsection.198}{\376\377\0005\000.\0001\000.\0002\000\040\000U\000s\000a\000b\000i\000l\000i\000t\000y}{section.195}% 42
\BOOKMARK [1][-]{section.199}{\376\377\0005\000.\0002\000\040\000E\000v\000a\000l\000u\000a\000t\000i\000o\000n}{chapter.194}% 43
\BOOKMARK [2][-]{subsection.200}{\376\377\0005\000.\0002\000.\0001\000\040\000D\000i\000s\000a\000d\000v\000a\000n\000t\000a\000g\000e\000s\000\040\000a\000n\000d\000\040\000I\000s\000s\000u\000e\000s}{section.199}% 44
\BOOKMARK [2][-]{subsection.205}{\376\377\0005\000.\0002\000.\0002\000\040\000A\000d\000v\000a\000n\000t\000a\000g\000e\000s\000\040\000a\000n\000d\000\040\000B\000e\000n\000e\000f\000i\000t\000s}{section.199}% 45
\BOOKMARK [0][-]{chapter.208}{\376\377\0006\000\040\000C\000o\000n\000c\000l\000u\000s\000i\000o\000n\000\040\000a\000n\000d\000\040\000F\000u\000t\000u\000r\000e\000\040\000W\000o\000r\000k}{}% 46
\BOOKMARK [0][-]{dummy.209}{\376\377\000R\000e\000f\000e\000r\000e\000n\000c\000e\000s}{}% 47
